#
# There is insufficient memory for the Java Runtime Environment to continue.
# Native memory allocation (mmap) failed to map 65536 bytes for Failed to commit metaspace.
# Possible reasons:
#   The system is out of physical RAM or swap space
#   The process is running with CompressedOops enabled, and the Java Heap may be blocking the growth of the native heap
# Possible solutions:
#   Reduce memory load on the system
#   Increase physical memory or swap space
#   Check if swap backing store is full
#   Decrease Java heap size (-Xmx/-Xms)
#   Decrease number of Java threads
#   Decrease Java thread stack sizes (-Xss)
#   Set larger code cache with -XX:ReservedCodeCacheSize=
#   JVM is running with Zero Based Compressed Oops mode in which the Java heap is
#     placed in the first 32GB address space. The Java Heap base address is the
#     maximum limit for the native heap growth. Please use -XX:HeapBaseMinAddress
#     to set the Java Heap base and to place the Java Heap above 32GB virtual address.
# This output file may be truncated or incomplete.
#
#  Out of Memory Error (virtualSpaceNode.cpp:108), pid=19084, tid=22044
#
# JRE version: Java(TM) SE Runtime Environment (16.0.2+7) (build 16.0.2+7-67)
# Java VM: Java HotSpot(TM) 64-Bit Server VM (16.0.2+7-67, mixed mode, sharing, tiered, compressed oops, compressed class ptrs, g1 gc, windows-amd64)
# No core dump will be written. Minidumps are not enabled by default on client versions of Windows
#

---------------  S U M M A R Y ------------

Command Line: -javaagent:D:\IntelliJ IDEA\IntelliJ IDEA Community Edition 2020.2.3\lib\idea_rt.jar=54522:D:\IntelliJ IDEA\IntelliJ IDEA Community Edition 2020.2.3\bin -Dfile.encoding=UTF-8 com.misiontic.account_ms.AccountMsApplication

Host: Intel(R) Core(TM) i7-8550U CPU @ 1.80GHz, 8 cores, 15G,  Windows 10 , 64 bit Build 19041 (10.0.19041.1023)
Time: Sun Aug  1 19:56:03 2021 SA Pacific Standard Time elapsed time: 2.407698 seconds (0d 0h 0m 2s)

---------------  T H R E A D  ---------------

Current thread (0x000002413d602460):  JavaThread "main" [_thread_in_vm, id=22044, stack(0x000000d766c00000,0x000000d766d00000)]

Stack: [0x000000d766c00000,0x000000d766d00000]
Native frames: (J=compiled Java code, j=interpreted, Vv=VM code, C=native code)
V  [jvm.dll+0x6681ca]
V  [jvm.dll+0x7c9e69]
V  [jvm.dll+0x7cb61e]
V  [jvm.dll+0x7cbc73]
V  [jvm.dll+0x242c55]
V  [jvm.dll+0x7c64eb]
V  [jvm.dll+0x60ddd6]
V  [jvm.dll+0x60de3a]
V  [jvm.dll+0x61046a]
V  [jvm.dll+0x60e6d1]
V  [jvm.dll+0x238440]
V  [jvm.dll+0x1ea2df]
V  [jvm.dll+0x1df631]
V  [jvm.dll+0x535ff8]
V  [jvm.dll+0x1f0d52]
V  [jvm.dll+0x741863]
V  [jvm.dll+0x743108]
V  [jvm.dll+0x743433]
V  [jvm.dll+0x23ab24]
V  [jvm.dll+0x375531]
C  0x0000024144d9c471

Java frames: (J=compiled Java code, j=interpreted, Vv=VM code)
j  java.lang.management.DefaultPlatformMBeanProvider.init()Ljava/util/List;+48 java.management@16.0.2
j  java.lang.management.DefaultPlatformMBeanProvider.<init>()V+6 java.management@16.0.2
j  java.lang.management.ManagementFactory$PlatformMBeanFinder.lambda$static$0()Ljava/util/List;+32 java.management@16.0.2
j  java.lang.management.ManagementFactory$PlatformMBeanFinder$$Lambda$178+0x0000000800cc9ae0.run()Ljava/lang/Object;+0 java.management@16.0.2
J 1270 c1 java.security.AccessController.executePrivileged(Ljava/security/PrivilegedAction;Ljava/security/AccessControlContext;Ljava/lang/Class;)Ljava/lang/Object; java.base@16.0.2 (65 bytes) @ 0x00000241455584c4 [0x0000024145558360+0x0000000000000164]
j  java.security.AccessController.doPrivileged(Ljava/security/PrivilegedAction;Ljava/security/AccessControlContext;)Ljava/lang/Object;+13 java.base@16.0.2
j  java.security.AccessController.doPrivileged(Ljava/security/PrivilegedAction;Ljava/security/AccessControlContext;[Ljava/security/Permission;)Ljava/lang/Object;+48 java.base@16.0.2
j  java.lang.management.ManagementFactory$PlatformMBeanFinder.<clinit>()V+36 java.management@16.0.2
v  ~StubRoutines::call_stub
j  java.lang.management.ManagementFactory.getPlatformMXBean(Ljava/lang/Class;)Ljava/lang/management/PlatformManagedObject;+1 java.management@16.0.2
j  java.lang.management.ManagementFactory.getRuntimeMXBean()Ljava/lang/management/RuntimeMXBean;+2 java.management@16.0.2
j  org.springframework.boot.system.ApplicationPid.getPid()Ljava/lang/String;+0
j  org.springframework.boot.system.ApplicationPid.<init>()V+6
j  org.springframework.boot.logging.LoggingSystemProperties.apply(Lorg/springframework/boot/logging/LogFile;Lorg/springframework/core/env/PropertyResolver;)V+16
j  org.springframework.boot.logging.logback.LogbackLoggingSystemProperties.apply(Lorg/springframework/boot/logging/LogFile;Lorg/springframework/core/env/PropertyResolver;)V+3
j  org.springframework.boot.logging.LoggingSystemProperties.apply(Lorg/springframework/boot/logging/LogFile;)V+8
j  org.springframework.boot.logging.LoggingSystemProperties.apply()V+2
j  org.springframework.boot.context.logging.LoggingApplicationListener.initialize(Lorg/springframework/core/env/ConfigurableEnvironment;Ljava/lang/ClassLoader;)V+5
j  org.springframework.boot.context.logging.LoggingApplicationListener.onApplicationEnvironmentPreparedEvent(Lorg/springframework/boot/context/event/ApplicationEnvironmentPreparedEvent;)V+32
j  org.springframework.boot.context.logging.LoggingApplicationListener.onApplicationEvent(Lorg/springframework/context/ApplicationEvent;)V+30
j  org.springframework.context.event.SimpleApplicationEventMulticaster.doInvokeListener(Lorg/springframework/context/ApplicationListener;Lorg/springframework/context/ApplicationEvent;)V+2
j  org.springframework.context.event.SimpleApplicationEventMulticaster.invokeListener(Lorg/springframework/context/ApplicationListener;Lorg/springframework/context/ApplicationEvent;)V+34
j  org.springframework.context.event.SimpleApplicationEventMulticaster.multicastEvent(Lorg/springframework/context/ApplicationEvent;Lorg/springframework/core/ResolvableType;)V+83
j  org.springframework.context.event.SimpleApplicationEventMulticaster.multicastEvent(Lorg/springframework/context/ApplicationEvent;)V+7
j  org.springframework.boot.context.event.EventPublishingRunListener.environmentPrepared(Lorg/springframework/boot/ConfigurableBootstrapContext;Lorg/springframework/core/env/ConfigurableEnvironment;)V+21
j  org.springframework.boot.SpringApplicationRunListeners.lambda$environmentPrepared$2(Lorg/springframework/boot/ConfigurableBootstrapContext;Lorg/springframework/core/env/ConfigurableEnvironment;Lorg/springframework/boot/SpringApplicationRunListener;)V+3
j  org.springframework.boot.SpringApplicationRunListeners$$Lambda$84+0x0000000800c9ddc8.accept(Ljava/lang/Object;)V+12
j  java.util.ArrayList.forEach(Ljava/util/function/Consumer;)V+46 java.base@16.0.2
j  org.springframework.boot.SpringApplicationRunListeners.doWithListeners(Ljava/lang/String;Ljava/util/function/Consumer;Ljava/util/function/Consumer;)V+17
j  org.springframework.boot.SpringApplicationRunListeners.doWithListeners(Ljava/lang/String;Ljava/util/function/Consumer;)V+4
j  org.springframework.boot.SpringApplicationRunListeners.environmentPrepared(Lorg/springframework/boot/ConfigurableBootstrapContext;Lorg/springframework/core/env/ConfigurableEnvironment;)V+10
j  org.springframework.boot.SpringApplication.prepareEnvironment(Lorg/springframework/boot/SpringApplicationRunListeners;Lorg/springframework/boot/DefaultBootstrapContext;Lorg/springframework/boot/ApplicationArguments;)Lorg/springframework/core/env/ConfigurableEnvironment;+27
j  org.springframework.boot.SpringApplication.run([Ljava/lang/String;)Lorg/springframework/context/ConfigurableApplicationContext;+57
j  org.springframework.boot.SpringApplication.run([Ljava/lang/Class;[Ljava/lang/String;)Lorg/springframework/context/ConfigurableApplicationContext;+9
j  org.springframework.boot.SpringApplication.run(Ljava/lang/Class;[Ljava/lang/String;)Lorg/springframework/context/ConfigurableApplicationContext;+9
j  com.misiontic.account_ms.AccountMsApplication.main([Ljava/lang/String;)V+3
v  ~StubRoutines::call_stub

---------------  P R O C E S S  ---------------

Threads class SMR info:
_java_thread_list=0x0000024161427680, length=14, elements={
0x000002413d602460, 0x00000241602251b0, 0x0000024160226070, 0x0000024160231b90,
0x0000024160232790, 0x00000241602351a0, 0x0000024160235ba0, 0x0000024160238ce0,
0x000002416023c8e0, 0x000002416024b760, 0x0000024160cd4cf0, 0x0000024160de1d80,
0x0000024160de22a0, 0x0000024161090e00
}

Java Threads: ( => current thread )
=>0x000002413d602460 JavaThread "main" [_thread_in_vm, id=22044, stack(0x000000d766c00000,0x000000d766d00000)]
  0x00000241602251b0 JavaThread "Reference Handler" daemon [_thread_blocked, id=19172, stack(0x000000d767300000,0x000000d767400000)]
  0x0000024160226070 JavaThread "Finalizer" daemon [_thread_blocked, id=26312, stack(0x000000d767400000,0x000000d767500000)]
  0x0000024160231b90 JavaThread "Signal Dispatcher" daemon [_thread_blocked, id=25412, stack(0x000000d767500000,0x000000d767600000)]
  0x0000024160232790 JavaThread "Attach Listener" daemon [_thread_blocked, id=17072, stack(0x000000d767600000,0x000000d767700000)]
  0x00000241602351a0 JavaThread "Service Thread" daemon [_thread_blocked, id=30220, stack(0x000000d767700000,0x000000d767800000)]
  0x0000024160235ba0 JavaThread "Monitor Deflation Thread" daemon [_thread_blocked, id=2176, stack(0x000000d767800000,0x000000d767900000)]
  0x0000024160238ce0 JavaThread "C2 CompilerThread0" daemon [_thread_blocked, id=17300, stack(0x000000d767900000,0x000000d767a00000)]
  0x000002416023c8e0 JavaThread "C1 CompilerThread0" daemon [_thread_blocked, id=23888, stack(0x000000d767a00000,0x000000d767b00000)]
  0x000002416024b760 JavaThread "Sweeper thread" daemon [_thread_blocked, id=25456, stack(0x000000d767b00000,0x000000d767c00000)]
  0x0000024160cd4cf0 JavaThread "Common-Cleaner" daemon [_thread_blocked, id=12544, stack(0x000000d767c00000,0x000000d767d00000)]
  0x0000024160de1d80 JavaThread "Monitor Ctrl-Break" daemon [_thread_in_native, id=1216, stack(0x000000d767e00000,0x000000d767f00000)]
  0x0000024160de22a0 JavaThread "Notification Thread" daemon [_thread_blocked, id=20536, stack(0x000000d767f00000,0x000000d768000000)]
  0x0000024161090e00 JavaThread "C2 CompilerThread1" daemon [_thread_blocked, id=11560, stack(0x000000d767d00000,0x000000d767e00000)]

Other Threads:
  0x000002416021e150 VMThread "VM Thread" [stack: 0x000000d767200000,0x000000d767300000] [id=16080]
  0x0000024160f9b560 WatcherThread [stack: 0x000000d768000000,0x000000d768100000] [id=19080]
  0x000002413d653b10 GCTaskThread "GC Thread#0" [stack: 0x000000d766d00000,0x000000d766e00000] [id=13984]
  0x0000024161a95f80 GCTaskThread "GC Thread#1" [stack: 0x000000d768100000,0x000000d768200000] [id=21636]
  0x0000024161763d50 GCTaskThread "GC Thread#2" [stack: 0x000000d768200000,0x000000d768300000] [id=18144]
  0x0000024161764060 GCTaskThread "GC Thread#3" [stack: 0x000000d768300000,0x000000d768400000] [id=22416]
  0x0000024161764370 GCTaskThread "GC Thread#4" [stack: 0x000000d768400000,0x000000d768500000] [id=10196]
  0x0000024161a91030 GCTaskThread "GC Thread#5" [stack: 0x000000d768500000,0x000000d768600000] [id=10208]
  0x00000241615e3f70 GCTaskThread "GC Thread#6" [stack: 0x000000d768600000,0x000000d768700000] [id=1816]
  0x00000241615e4280 GCTaskThread "GC Thread#7" [stack: 0x000000d768700000,0x000000d768800000] [id=3796]
  0x000002413d6649d0 ConcurrentGCThread "G1 Main Marker" [stack: 0x000000d766e00000,0x000000d766f00000] [id=5360]
  0x000002413d665be0 ConcurrentGCThread "G1 Conc#0" [stack: 0x000000d766f00000,0x000000d767000000] [id=27968]
  0x00000241600d20c0 ConcurrentGCThread "G1 Refine#0" [stack: 0x000000d767000000,0x000000d767100000] [id=14476]
  0x00000241600d2b40 ConcurrentGCThread "G1 Service" [stack: 0x000000d767100000,0x000000d767200000] [id=23864]

Threads with active compile tasks:

VM state: not at safepoint (normal execution)

VM Mutex/Monitor currently owned by a thread:  ([mutex/lock_event])
[0x000002413d5fdd70] MetaspaceExpand_lock - owner thread: 0x000002413d602460

Heap address: 0x0000000701800000, size: 4072 MB, Compressed Oops mode: Zero based, Oop shift amount: 3

CDS archive(s) mapped at: [0x0000000800000000-0x0000000800bb0000-0x0000000800bb0000), size 12255232, SharedBaseAddress: 0x0000000800000000, ArchiveRelocationMode: 0.
Compressed class space mapped at: 0x0000000800c00000-0x0000000840c00000, reserved size: 1073741824
Narrow klass base: 0x0000000800000000, Narrow klass shift: 3, Narrow klass range: 0x100000000

GC Precious Log:
 CPUs: 8 total, 8 available
 Memory: 16281M
 Large Page Support: Disabled
 NUMA Support: Disabled
 Compressed Oops: Enabled (Zero based)
 Heap Region Size: 2M
 Heap Min Capacity: 8M
 Heap Initial Capacity: 256M
 Heap Max Capacity: 4072M
 Pre-touch: Disabled
 Parallel Workers: 8
 Concurrent Workers: 2
 Concurrent Refinement Workers: 8
 Periodic GC: Disabled

Heap:
 garbage-first heap   total 262144K, used 9266K [0x0000000701800000, 0x0000000800000000)
  region size 2048K, 5 young (10240K), 2 survivors (4096K)
 Metaspace       used 7213K, committed 7360K, reserved 1056768K
  class space    used 846K, committed 896K, reserved 1048576K

Heap Regions: E=young(eden), S=young(survivor), O=old, HS=humongous(starts), HC=humongous(continues), CS=collection set, F=free, OA=open archive, CA=closed archive, TAMS=top-at-mark-start (previous, next)
|   0|0x0000000701800000, 0x000000070190ca00, 0x0000000701a00000| 52%| O|  |TAMS 0x0000000701800000, 0x0000000701800000| Untracked 
|   1|0x0000000701a00000, 0x0000000701a00000, 0x0000000701c00000|  0%| F|  |TAMS 0x0000000701a00000, 0x0000000701a00000| Untracked 
|   2|0x0000000701c00000, 0x0000000701c00000, 0x0000000701e00000|  0%| F|  |TAMS 0x0000000701c00000, 0x0000000701c00000| Untracked 
|   3|0x0000000701e00000, 0x0000000701e00000, 0x0000000702000000|  0%| F|  |TAMS 0x0000000701e00000, 0x0000000701e00000| Untracked 
|   4|0x0000000702000000, 0x0000000702000000, 0x0000000702200000|  0%| F|  |TAMS 0x0000000702000000, 0x0000000702000000| Untracked 
|   5|0x0000000702200000, 0x0000000702200000, 0x0000000702400000|  0%| F|  |TAMS 0x0000000702200000, 0x0000000702200000| Untracked 
|   6|0x0000000702400000, 0x0000000702400000, 0x0000000702600000|  0%| F|  |TAMS 0x0000000702400000, 0x0000000702400000| Untracked 
|   7|0x0000000702600000, 0x0000000702600000, 0x0000000702800000|  0%| F|  |TAMS 0x0000000702600000, 0x0000000702600000| Untracked 
|   8|0x0000000702800000, 0x0000000702800000, 0x0000000702a00000|  0%| F|  |TAMS 0x0000000702800000, 0x0000000702800000| Untracked 
|   9|0x0000000702a00000, 0x0000000702a00000, 0x0000000702c00000|  0%| F|  |TAMS 0x0000000702a00000, 0x0000000702a00000| Untracked 
|  10|0x0000000702c00000, 0x0000000702c00000, 0x0000000702e00000|  0%| F|  |TAMS 0x0000000702c00000, 0x0000000702c00000| Untracked 
|  11|0x0000000702e00000, 0x0000000702e00000, 0x0000000703000000|  0%| F|  |TAMS 0x0000000702e00000, 0x0000000702e00000| Untracked 
|  12|0x0000000703000000, 0x0000000703000000, 0x0000000703200000|  0%| F|  |TAMS 0x0000000703000000, 0x0000000703000000| Untracked 
|  13|0x0000000703200000, 0x0000000703200000, 0x0000000703400000|  0%| F|  |TAMS 0x0000000703200000, 0x0000000703200000| Untracked 
|  14|0x0000000703400000, 0x0000000703400000, 0x0000000703600000|  0%| F|  |TAMS 0x0000000703400000, 0x0000000703400000| Untracked 
|  15|0x0000000703600000, 0x0000000703600000, 0x0000000703800000|  0%| F|  |TAMS 0x0000000703600000, 0x0000000703600000| Untracked 
|  16|0x0000000703800000, 0x0000000703800000, 0x0000000703a00000|  0%| F|  |TAMS 0x0000000703800000, 0x0000000703800000| Untracked 
|  17|0x0000000703a00000, 0x0000000703a00000, 0x0000000703c00000|  0%| F|  |TAMS 0x0000000703a00000, 0x0000000703a00000| Untracked 
|  18|0x0000000703c00000, 0x0000000703c00000, 0x0000000703e00000|  0%| F|  |TAMS 0x0000000703c00000, 0x0000000703c00000| Untracked 
|  19|0x0000000703e00000, 0x0000000703e00000, 0x0000000704000000|  0%| F|  |TAMS 0x0000000703e00000, 0x0000000703e00000| Untracked 
|  20|0x0000000704000000, 0x0000000704000000, 0x0000000704200000|  0%| F|  |TAMS 0x0000000704000000, 0x0000000704000000| Untracked 
|  21|0x0000000704200000, 0x0000000704200000, 0x0000000704400000|  0%| F|  |TAMS 0x0000000704200000, 0x0000000704200000| Untracked 
|  22|0x0000000704400000, 0x0000000704400000, 0x0000000704600000|  0%| F|  |TAMS 0x0000000704400000, 0x0000000704400000| Untracked 
|  23|0x0000000704600000, 0x0000000704600000, 0x0000000704800000|  0%| F|  |TAMS 0x0000000704600000, 0x0000000704600000| Untracked 
|  24|0x0000000704800000, 0x0000000704800000, 0x0000000704a00000|  0%| F|  |TAMS 0x0000000704800000, 0x0000000704800000| Untracked 
|  25|0x0000000704a00000, 0x0000000704a00000, 0x0000000704c00000|  0%| F|  |TAMS 0x0000000704a00000, 0x0000000704a00000| Untracked 
|  26|0x0000000704c00000, 0x0000000704c00000, 0x0000000704e00000|  0%| F|  |TAMS 0x0000000704c00000, 0x0000000704c00000| Untracked 
|  27|0x0000000704e00000, 0x0000000704e00000, 0x0000000705000000|  0%| F|  |TAMS 0x0000000704e00000, 0x0000000704e00000| Untracked 
|  28|0x0000000705000000, 0x0000000705000000, 0x0000000705200000|  0%| F|  |TAMS 0x0000000705000000, 0x0000000705000000| Untracked 
|  29|0x0000000705200000, 0x0000000705200000, 0x0000000705400000|  0%| F|  |TAMS 0x0000000705200000, 0x0000000705200000| Untracked 
|  30|0x0000000705400000, 0x0000000705400000, 0x0000000705600000|  0%| F|  |TAMS 0x0000000705400000, 0x0000000705400000| Untracked 
|  31|0x0000000705600000, 0x0000000705600000, 0x0000000705800000|  0%| F|  |TAMS 0x0000000705600000, 0x0000000705600000| Untracked 
|  32|0x0000000705800000, 0x0000000705800000, 0x0000000705a00000|  0%| F|  |TAMS 0x0000000705800000, 0x0000000705800000| Untracked 
|  33|0x0000000705a00000, 0x0000000705a00000, 0x0000000705c00000|  0%| F|  |TAMS 0x0000000705a00000, 0x0000000705a00000| Untracked 
|  34|0x0000000705c00000, 0x0000000705c00000, 0x0000000705e00000|  0%| F|  |TAMS 0x0000000705c00000, 0x0000000705c00000| Untracked 
|  35|0x0000000705e00000, 0x0000000705e00000, 0x0000000706000000|  0%| F|  |TAMS 0x0000000705e00000, 0x0000000705e00000| Untracked 
|  36|0x0000000706000000, 0x0000000706000000, 0x0000000706200000|  0%| F|  |TAMS 0x0000000706000000, 0x0000000706000000| Untracked 
|  37|0x0000000706200000, 0x0000000706200000, 0x0000000706400000|  0%| F|  |TAMS 0x0000000706200000, 0x0000000706200000| Untracked 
|  38|0x0000000706400000, 0x0000000706400000, 0x0000000706600000|  0%| F|  |TAMS 0x0000000706400000, 0x0000000706400000| Untracked 
|  39|0x0000000706600000, 0x0000000706600000, 0x0000000706800000|  0%| F|  |TAMS 0x0000000706600000, 0x0000000706600000| Untracked 
|  40|0x0000000706800000, 0x0000000706800000, 0x0000000706a00000|  0%| F|  |TAMS 0x0000000706800000, 0x0000000706800000| Untracked 
|  41|0x0000000706a00000, 0x0000000706a00000, 0x0000000706c00000|  0%| F|  |TAMS 0x0000000706a00000, 0x0000000706a00000| Untracked 
|  42|0x0000000706c00000, 0x0000000706c00000, 0x0000000706e00000|  0%| F|  |TAMS 0x0000000706c00000, 0x0000000706c00000| Untracked 
|  43|0x0000000706e00000, 0x0000000706e00000, 0x0000000707000000|  0%| F|  |TAMS 0x0000000706e00000, 0x0000000706e00000| Untracked 
|  44|0x0000000707000000, 0x0000000707000000, 0x0000000707200000|  0%| F|  |TAMS 0x0000000707000000, 0x0000000707000000| Untracked 
|  45|0x0000000707200000, 0x0000000707200000, 0x0000000707400000|  0%| F|  |TAMS 0x0000000707200000, 0x0000000707200000| Untracked 
|  46|0x0000000707400000, 0x0000000707400000, 0x0000000707600000|  0%| F|  |TAMS 0x0000000707400000, 0x0000000707400000| Untracked 
|  47|0x0000000707600000, 0x0000000707600000, 0x0000000707800000|  0%| F|  |TAMS 0x0000000707600000, 0x0000000707600000| Untracked 
|  48|0x0000000707800000, 0x0000000707800000, 0x0000000707a00000|  0%| F|  |TAMS 0x0000000707800000, 0x0000000707800000| Untracked 
|  49|0x0000000707a00000, 0x0000000707a00000, 0x0000000707c00000|  0%| F|  |TAMS 0x0000000707a00000, 0x0000000707a00000| Untracked 
|  50|0x0000000707c00000, 0x0000000707c00000, 0x0000000707e00000|  0%| F|  |TAMS 0x0000000707c00000, 0x0000000707c00000| Untracked 
|  51|0x0000000707e00000, 0x0000000707e00000, 0x0000000708000000|  0%| F|  |TAMS 0x0000000707e00000, 0x0000000707e00000| Untracked 
|  52|0x0000000708000000, 0x0000000708000000, 0x0000000708200000|  0%| F|  |TAMS 0x0000000708000000, 0x0000000708000000| Untracked 
|  53|0x0000000708200000, 0x0000000708200000, 0x0000000708400000|  0%| F|  |TAMS 0x0000000708200000, 0x0000000708200000| Untracked 
|  54|0x0000000708400000, 0x0000000708400000, 0x0000000708600000|  0%| F|  |TAMS 0x0000000708400000, 0x0000000708400000| Untracked 
|  55|0x0000000708600000, 0x0000000708600000, 0x0000000708800000|  0%| F|  |TAMS 0x0000000708600000, 0x0000000708600000| Untracked 
|  56|0x0000000708800000, 0x0000000708800000, 0x0000000708a00000|  0%| F|  |TAMS 0x0000000708800000, 0x0000000708800000| Untracked 
|  57|0x0000000708a00000, 0x0000000708a00000, 0x0000000708c00000|  0%| F|  |TAMS 0x0000000708a00000, 0x0000000708a00000| Untracked 
|  58|0x0000000708c00000, 0x0000000708c00000, 0x0000000708e00000|  0%| F|  |TAMS 0x0000000708c00000, 0x0000000708c00000| Untracked 
|  59|0x0000000708e00000, 0x0000000708e00000, 0x0000000709000000|  0%| F|  |TAMS 0x0000000708e00000, 0x0000000708e00000| Untracked 
|  60|0x0000000709000000, 0x0000000709000000, 0x0000000709200000|  0%| F|  |TAMS 0x0000000709000000, 0x0000000709000000| Untracked 
|  61|0x0000000709200000, 0x0000000709200000, 0x0000000709400000|  0%| F|  |TAMS 0x0000000709200000, 0x0000000709200000| Untracked 
|  62|0x0000000709400000, 0x0000000709400000, 0x0000000709600000|  0%| F|  |TAMS 0x0000000709400000, 0x0000000709400000| Untracked 
|  63|0x0000000709600000, 0x0000000709600000, 0x0000000709800000|  0%| F|  |TAMS 0x0000000709600000, 0x0000000709600000| Untracked 
|  64|0x0000000709800000, 0x0000000709800000, 0x0000000709a00000|  0%| F|  |TAMS 0x0000000709800000, 0x0000000709800000| Untracked 
|  65|0x0000000709a00000, 0x0000000709a00000, 0x0000000709c00000|  0%| F|  |TAMS 0x0000000709a00000, 0x0000000709a00000| Untracked 
|  66|0x0000000709c00000, 0x0000000709c00000, 0x0000000709e00000|  0%| F|  |TAMS 0x0000000709c00000, 0x0000000709c00000| Untracked 
|  67|0x0000000709e00000, 0x0000000709e00000, 0x000000070a000000|  0%| F|  |TAMS 0x0000000709e00000, 0x0000000709e00000| Untracked 
|  68|0x000000070a000000, 0x000000070a000000, 0x000000070a200000|  0%| F|  |TAMS 0x000000070a000000, 0x000000070a000000| Untracked 
|  69|0x000000070a200000, 0x000000070a200000, 0x000000070a400000|  0%| F|  |TAMS 0x000000070a200000, 0x000000070a200000| Untracked 
|  70|0x000000070a400000, 0x000000070a400000, 0x000000070a600000|  0%| F|  |TAMS 0x000000070a400000, 0x000000070a400000| Untracked 
|  71|0x000000070a600000, 0x000000070a600000, 0x000000070a800000|  0%| F|  |TAMS 0x000000070a600000, 0x000000070a600000| Untracked 
|  72|0x000000070a800000, 0x000000070a800000, 0x000000070aa00000|  0%| F|  |TAMS 0x000000070a800000, 0x000000070a800000| Untracked 
|  73|0x000000070aa00000, 0x000000070aa00000, 0x000000070ac00000|  0%| F|  |TAMS 0x000000070aa00000, 0x000000070aa00000| Untracked 
|  74|0x000000070ac00000, 0x000000070ac00000, 0x000000070ae00000|  0%| F|  |TAMS 0x000000070ac00000, 0x000000070ac00000| Untracked 
|  75|0x000000070ae00000, 0x000000070ae00000, 0x000000070b000000|  0%| F|  |TAMS 0x000000070ae00000, 0x000000070ae00000| Untracked 
|  76|0x000000070b000000, 0x000000070b000000, 0x000000070b200000|  0%| F|  |TAMS 0x000000070b000000, 0x000000070b000000| Untracked 
|  77|0x000000070b200000, 0x000000070b200000, 0x000000070b400000|  0%| F|  |TAMS 0x000000070b200000, 0x000000070b200000| Untracked 
|  78|0x000000070b400000, 0x000000070b400000, 0x000000070b600000|  0%| F|  |TAMS 0x000000070b400000, 0x000000070b400000| Untracked 
|  79|0x000000070b600000, 0x000000070b600000, 0x000000070b800000|  0%| F|  |TAMS 0x000000070b600000, 0x000000070b600000| Untracked 
|  80|0x000000070b800000, 0x000000070b800000, 0x000000070ba00000|  0%| F|  |TAMS 0x000000070b800000, 0x000000070b800000| Untracked 
|  81|0x000000070ba00000, 0x000000070ba00000, 0x000000070bc00000|  0%| F|  |TAMS 0x000000070ba00000, 0x000000070ba00000| Untracked 
|  82|0x000000070bc00000, 0x000000070bc00000, 0x000000070be00000|  0%| F|  |TAMS 0x000000070bc00000, 0x000000070bc00000| Untracked 
|  83|0x000000070be00000, 0x000000070be00000, 0x000000070c000000|  0%| F|  |TAMS 0x000000070be00000, 0x000000070be00000| Untracked 
|  84|0x000000070c000000, 0x000000070c000000, 0x000000070c200000|  0%| F|  |TAMS 0x000000070c000000, 0x000000070c000000| Untracked 
|  85|0x000000070c200000, 0x000000070c200000, 0x000000070c400000|  0%| F|  |TAMS 0x000000070c200000, 0x000000070c200000| Untracked 
|  86|0x000000070c400000, 0x000000070c400000, 0x000000070c600000|  0%| F|  |TAMS 0x000000070c400000, 0x000000070c400000| Untracked 
|  87|0x000000070c600000, 0x000000070c600000, 0x000000070c800000|  0%| F|  |TAMS 0x000000070c600000, 0x000000070c600000| Untracked 
|  88|0x000000070c800000, 0x000000070c800000, 0x000000070ca00000|  0%| F|  |TAMS 0x000000070c800000, 0x000000070c800000| Untracked 
|  89|0x000000070ca00000, 0x000000070ca00000, 0x000000070cc00000|  0%| F|  |TAMS 0x000000070ca00000, 0x000000070ca00000| Untracked 
|  90|0x000000070cc00000, 0x000000070cc00000, 0x000000070ce00000|  0%| F|  |TAMS 0x000000070cc00000, 0x000000070cc00000| Untracked 
|  91|0x000000070ce00000, 0x000000070ce00000, 0x000000070d000000|  0%| F|  |TAMS 0x000000070ce00000, 0x000000070ce00000| Untracked 
|  92|0x000000070d000000, 0x000000070d000000, 0x000000070d200000|  0%| F|  |TAMS 0x000000070d000000, 0x000000070d000000| Untracked 
|  93|0x000000070d200000, 0x000000070d200000, 0x000000070d400000|  0%| F|  |TAMS 0x000000070d200000, 0x000000070d200000| Untracked 
|  94|0x000000070d400000, 0x000000070d400000, 0x000000070d600000|  0%| F|  |TAMS 0x000000070d400000, 0x000000070d400000| Untracked 
|  95|0x000000070d600000, 0x000000070d600000, 0x000000070d800000|  0%| F|  |TAMS 0x000000070d600000, 0x000000070d600000| Untracked 
|  96|0x000000070d800000, 0x000000070d800000, 0x000000070da00000|  0%| F|  |TAMS 0x000000070d800000, 0x000000070d800000| Untracked 
|  97|0x000000070da00000, 0x000000070da00000, 0x000000070dc00000|  0%| F|  |TAMS 0x000000070da00000, 0x000000070da00000| Untracked 
|  98|0x000000070dc00000, 0x000000070dc00000, 0x000000070de00000|  0%| F|  |TAMS 0x000000070dc00000, 0x000000070dc00000| Untracked 
|  99|0x000000070de00000, 0x000000070de00000, 0x000000070e000000|  0%| F|  |TAMS 0x000000070de00000, 0x000000070de00000| Untracked 
| 100|0x000000070e000000, 0x000000070e000000, 0x000000070e200000|  0%| F|  |TAMS 0x000000070e000000, 0x000000070e000000| Untracked 
| 101|0x000000070e200000, 0x000000070e200000, 0x000000070e400000|  0%| F|  |TAMS 0x000000070e200000, 0x000000070e200000| Untracked 
| 102|0x000000070e400000, 0x000000070e400000, 0x000000070e600000|  0%| F|  |TAMS 0x000000070e400000, 0x000000070e400000| Untracked 
| 103|0x000000070e600000, 0x000000070e600000, 0x000000070e800000|  0%| F|  |TAMS 0x000000070e600000, 0x000000070e600000| Untracked 
| 104|0x000000070e800000, 0x000000070e800000, 0x000000070ea00000|  0%| F|  |TAMS 0x000000070e800000, 0x000000070e800000| Untracked 
| 105|0x000000070ea00000, 0x000000070ea00000, 0x000000070ec00000|  0%| F|  |TAMS 0x000000070ea00000, 0x000000070ea00000| Untracked 
| 106|0x000000070ec00000, 0x000000070ec00000, 0x000000070ee00000|  0%| F|  |TAMS 0x000000070ec00000, 0x000000070ec00000| Untracked 
| 107|0x000000070ee00000, 0x000000070ee00000, 0x000000070f000000|  0%| F|  |TAMS 0x000000070ee00000, 0x000000070ee00000| Untracked 
| 108|0x000000070f000000, 0x000000070f000000, 0x000000070f200000|  0%| F|  |TAMS 0x000000070f000000, 0x000000070f000000| Untracked 
| 109|0x000000070f200000, 0x000000070f200000, 0x000000070f400000|  0%| F|  |TAMS 0x000000070f200000, 0x000000070f200000| Untracked 
| 110|0x000000070f400000, 0x000000070f400000, 0x000000070f600000|  0%| F|  |TAMS 0x000000070f400000, 0x000000070f400000| Untracked 
| 111|0x000000070f600000, 0x000000070f600000, 0x000000070f800000|  0%| F|  |TAMS 0x000000070f600000, 0x000000070f600000| Untracked 
| 112|0x000000070f800000, 0x000000070f800000, 0x000000070fa00000|  0%| F|  |TAMS 0x000000070f800000, 0x000000070f800000| Untracked 
| 113|0x000000070fa00000, 0x000000070fa00000, 0x000000070fc00000|  0%| F|  |TAMS 0x000000070fa00000, 0x000000070fa00000| Untracked 
| 114|0x000000070fc00000, 0x000000070fc00000, 0x000000070fe00000|  0%| F|  |TAMS 0x000000070fc00000, 0x000000070fc00000| Untracked 
| 115|0x000000070fe00000, 0x0000000710000000, 0x0000000710000000|100%| S|CS|TAMS 0x000000070fe00000, 0x000000070fe00000| Complete 
| 116|0x0000000710000000, 0x0000000710200000, 0x0000000710200000|100%| S|CS|TAMS 0x0000000710000000, 0x0000000710000000| Complete 
| 117|0x0000000710200000, 0x0000000710200000, 0x0000000710400000|  0%| F|  |TAMS 0x0000000710200000, 0x0000000710200000| Untracked 
| 118|0x0000000710400000, 0x0000000710400000, 0x0000000710600000|  0%| F|  |TAMS 0x0000000710400000, 0x0000000710400000| Untracked 
| 119|0x0000000710600000, 0x0000000710600000, 0x0000000710800000|  0%| F|  |TAMS 0x0000000710600000, 0x0000000710600000| Untracked 
| 120|0x0000000710800000, 0x0000000710800000, 0x0000000710a00000|  0%| F|  |TAMS 0x0000000710800000, 0x0000000710800000| Untracked 
| 121|0x0000000710a00000, 0x0000000710a00000, 0x0000000710c00000|  0%| F|  |TAMS 0x0000000710a00000, 0x0000000710a00000| Untracked 
| 122|0x0000000710c00000, 0x0000000710c00000, 0x0000000710e00000|  0%| F|  |TAMS 0x0000000710c00000, 0x0000000710c00000| Untracked 
| 123|0x0000000710e00000, 0x0000000710e00000, 0x0000000711000000|  0%| F|  |TAMS 0x0000000710e00000, 0x0000000710e00000| Untracked 
| 124|0x0000000711000000, 0x0000000711000000, 0x0000000711200000|  0%| F|  |TAMS 0x0000000711000000, 0x0000000711000000| Untracked 
| 125|0x0000000711200000, 0x00000007112885a0, 0x0000000711400000| 26%| E|  |TAMS 0x0000000711200000, 0x0000000711200000| Complete 
| 126|0x0000000711400000, 0x0000000711600000, 0x0000000711600000|100%| E|CS|TAMS 0x0000000711400000, 0x0000000711400000| Complete 
| 127|0x0000000711600000, 0x0000000711800000, 0x0000000711800000|100%| E|CS|TAMS 0x0000000711600000, 0x0000000711600000| Complete 

Card table byte_map: [0x00000241548b0000,0x00000241550b0000] _byte_map_base: 0x00000241510a4000

Marking Bits (Prev, Next): (CMBitMap*) 0x000002413d654180, (CMBitMap*) 0x000002413d6541c0
 Prev Bits: [0x00000241558b0000, 0x0000024159850000)
 Next Bits: [0x0000024159850000, 0x000002415d7f0000)

Polling page: 0x000002413b590000

Metaspace:

Usage:
  Non-class:      6.22 MB used.
      Class:    846.77 KB used.
       Both:      7.04 MB used.

Virtual space:
  Non-class space:        8.00 MB reserved,       6.31 MB ( 79%) committed,  1 nodes.
      Class space:        1.00 GB reserved,     896.00 KB ( <1%) committed,  1 nodes.
              Both:        1.01 GB reserved,       7.19 MB ( <1%) committed. 

Chunk freelists:
   Non-Class:  878.00 KB
       Class:  2.94 MB
        Both:  3.80 MB

MaxMetaspaceSize: 17179869184.00 GB
CompressedClassSpaceSize: 1.00 GB
 - commit_granule_bytes: 65536.
 - commit_granule_words: 8192.
 - virtual_space_node_default_size: 1048576.
 - enlarge_chunks_in_place: 1.
 - new_chunks_are_fully_committed: 0.
 - uncommit_free_chunks: 1.
 - use_allocation_guard: 0.
 - handle_deallocations: 1.


Internal statistics:

num_allocs_failed_limit: 0.
num_arena_births: 118.
num_arena_deaths: 0.
num_vsnodes_births: 2.
num_vsnodes_deaths: 0.
num_space_committed: 115.
num_space_uncommitted: 0.
num_chunks_returned_to_freelist: 0.
num_chunks_taken_from_freelist: 310.
num_chunk_merges: 0.
num_chunk_splits: 195.
num_chunks_enlarged: 145.
num_purges: 0.

CodeHeap 'non-profiled nmethods': size=120000Kb used=486Kb max_used=486Kb free=119513Kb
 bounds [0x000002414c850000, 0x000002414cac0000, 0x0000024153d80000]
CodeHeap 'profiled nmethods': size=120000Kb used=2459Kb max_used=2459Kb free=117540Kb
 bounds [0x0000024145320000, 0x0000024145590000, 0x000002414c850000]
CodeHeap 'non-nmethods': size=5760Kb used=1185Kb max_used=1208Kb free=4574Kb
 bounds [0x0000024144d80000, 0x0000024144ff0000, 0x0000024145320000]
 total_blobs=1858 nmethods=1379 adapters=392
 compilation: enabled
              stopped_count=0, restarted_count=0
 full_count=0

Compilation events (20 events):
Event: 2.386 Thread 0x000002416023c8e0 1372       3       org.springframework.boot.context.properties.source.SpringConfigurationPropertySources$SourcesIterator::fetchNext (138 bytes)
Event: 2.387 Thread 0x0000024161090e00 nmethod 1363 0x000002414c8c7f10 code [0x000002414c8c80a0, 0x000002414c8c83d8]
Event: 2.387 Thread 0x000002416023c8e0 nmethod 1372 0x000002414557e690 code [0x000002414557e9c0, 0x0000024145580218]
Event: 2.387 Thread 0x0000024161090e00 1373       4       java.util.ArrayDeque::elementAt (4 bytes)
Event: 2.388 Thread 0x0000024161090e00 nmethod 1373 0x000002414c8c8590 code [0x000002414c8c8720, 0x000002414c8c87b8]
Event: 2.388 Thread 0x0000024161090e00 1374       4       java.lang.System::getSecurityManager (12 bytes)
Event: 2.388 Thread 0x000002416023c8e0 1375       3       org.springframework.boot.context.properties.source.ConfigurationPropertyName$$Lambda$107/0x0000000800ca9d68::test (6 bytes)
Event: 2.388 Thread 0x0000024161090e00 nmethod 1374 0x000002414c8c8890 code [0x000002414c8c8a00, 0x000002414c8c8a78]
Event: 2.389 Thread 0x000002416023c8e0 nmethod 1375 0x0000024145580690 code [0x0000024145580860, 0x0000024145580c98]
Event: 2.389 Thread 0x000002416023c8e0 1376       3       org.springframework.boot.context.properties.source.ConfigurationPropertyName::lambda$convertToUniformElement$1 (5 bytes)
Event: 2.389 Thread 0x000002416023c8e0 nmethod 1376 0x0000024145580e10 code [0x0000024145580fe0, 0x0000024145581398]
Event: 2.389 Thread 0x000002416023c8e0 1377       3       java.lang.invoke.TypeConvertingMethodAdapter::convertType (299 bytes)
Event: 2.392 Thread 0x0000024161090e00 1379       4       java.lang.String::lastIndexOf (12 bytes)
Event: 2.393 Thread 0x000002416023c8e0 nmethod 1377 0x0000024145581490 code [0x0000024145581ac0, 0x0000024145585148]
Event: 2.393 Thread 0x000002416023c8e0 1378       3       java.util.concurrent.CopyOnWriteArrayList$COWIterator::next (32 bytes)
Event: 2.393 Thread 0x000002416023c8e0 nmethod 1378 0x0000024145586310 code [0x00000241455864e0, 0x00000241455867e8]
Event: 2.393 Thread 0x0000024160238ce0 nmethod 1371 0x000002414c8c8b90 code [0x000002414c8c8d20, 0x000002414c8c9138]
Event: 2.395 Thread 0x000002416023c8e0 1380       3       sun.invoke.util.VerifyAccess::getClassModifiers (24 bytes)
Event: 2.395 Thread 0x000002416023c8e0 nmethod 1380 0x0000024145586910 code [0x0000024145586ae0, 0x0000024145586d28]
Event: 2.396 Thread 0x0000024161090e00 nmethod 1379 0x000002414c8c9390 code [0x000002414c8c9520, 0x000002414c8c9798]

GC Heap History (2 events):
Event: 2.291 GC heap before
{Heap before GC invocations=0 (full 0):
 garbage-first heap   total 262144K, used 22528K [0x0000000701800000, 0x0000000800000000)
  region size 2048K, 11 young (22528K), 0 survivors (0K)
 Metaspace       used 6250K, committed 6464K, reserved 1056768K
  class space    used 710K, committed 832K, reserved 1048576K
}
Event: 2.296 GC heap after
{Heap after GC invocations=1 (full 0):
 garbage-first heap   total 262144K, used 5170K [0x0000000701800000, 0x0000000800000000)
  region size 2048K, 2 young (4096K), 2 survivors (4096K)
 Metaspace       used 6250K, committed 6464K, reserved 1056768K
  class space    used 710K, committed 832K, reserved 1048576K
}

Deoptimization events (20 events):
Event: 2.321 Thread 0x000002413d602460 DEOPT PACKING pc=0x000002414c8bd24c sp=0x000000d766cfdb20
Event: 2.321 Thread 0x000002413d602460 DEOPT UNPACKING pc=0x0000024144dcd72e sp=0x000000d766cfdaa8 mode 2
Event: 2.321 Thread 0x000002413d602460 Uncommon trap: trap_request=0xffffffde fr.pc=0x000002414c8bd24c relative=0x000000000000012c
Event: 2.321 Thread 0x000002413d602460 Uncommon trap: reason=class_check action=maybe_recompile pc=0x000002414c8bd24c method=jdk.internal.misc.Unsafe.allocateUninitializedArray(Ljava/lang/Class;I)Ljava/lang/Object; @ 51 c2
Event: 2.321 Thread 0x000002413d602460 DEOPT PACKING pc=0x000002414c8bd24c sp=0x000000d766cfd720
Event: 2.321 Thread 0x000002413d602460 DEOPT UNPACKING pc=0x0000024144dcd72e sp=0x000000d766cfd6a8 mode 2
Event: 2.322 Thread 0x000002413d602460 Uncommon trap: trap_request=0xffffffde fr.pc=0x000002414c8bd24c relative=0x000000000000012c
Event: 2.322 Thread 0x000002413d602460 Uncommon trap: reason=class_check action=maybe_recompile pc=0x000002414c8bd24c method=jdk.internal.misc.Unsafe.allocateUninitializedArray(Ljava/lang/Class;I)Ljava/lang/Object; @ 51 c2
Event: 2.322 Thread 0x000002413d602460 DEOPT PACKING pc=0x000002414c8bd24c sp=0x000000d766cfdc10
Event: 2.322 Thread 0x000002413d602460 DEOPT UNPACKING pc=0x0000024144dcd72e sp=0x000000d766cfdb98 mode 2
Event: 2.322 Thread 0x000002413d602460 Uncommon trap: trap_request=0xffffffde fr.pc=0x000002414c8bd24c relative=0x000000000000012c
Event: 2.322 Thread 0x000002413d602460 Uncommon trap: reason=class_check action=maybe_recompile pc=0x000002414c8bd24c method=jdk.internal.misc.Unsafe.allocateUninitializedArray(Ljava/lang/Class;I)Ljava/lang/Object; @ 51 c2
Event: 2.322 Thread 0x000002413d602460 DEOPT PACKING pc=0x000002414c8bd24c sp=0x000000d766cfd810
Event: 2.322 Thread 0x000002413d602460 DEOPT UNPACKING pc=0x0000024144dcd72e sp=0x000000d766cfd798 mode 2
Event: 2.332 Thread 0x000002413d602460 DEOPT PACKING pc=0x000002414535bc18 sp=0x000000d766cfdc40
Event: 2.332 Thread 0x000002413d602460 DEOPT UNPACKING pc=0x0000024144dcdece sp=0x000000d766cfd148 mode 0
Event: 2.342 Thread 0x000002413d602460 Uncommon trap: trap_request=0xffffff45 fr.pc=0x000002414c87c578 relative=0x00000000000001d8
Event: 2.342 Thread 0x000002413d602460 Uncommon trap: reason=unstable_if action=reinterpret pc=0x000002414c87c578 method=java.lang.String.startsWith(Ljava/lang/String;I)Z @ 1 c2
Event: 2.342 Thread 0x000002413d602460 DEOPT PACKING pc=0x000002414c87c578 sp=0x000000d766cfe210
Event: 2.342 Thread 0x000002413d602460 DEOPT UNPACKING pc=0x0000024144dcd72e sp=0x000000d766cfe178 mode 2

Classes unloaded (0 events):
No events

Classes redefined (0 events):
No events

Internal exceptions (20 events):
Event: 2.226 Thread 0x000002413d602460 Exception <a 'java/lang/NoSuchMethodError'{0x0000000710515f40}: 'void java.lang.invoke.DirectMethodHandle$Holder.invokeStatic(java.lang.Object, java.lang.Object, java.lang.Object, java.lang.Object)'> (0x0000000710515f40) 
thrown [t:\workspace\open\src\hotspot\share\interpreter\linkResolver.cpp, line 790]
Event: 2.232 Thread 0x000002413d602460 Exception <a 'java/lang/NoSuchMethodError'{0x0000000710535c20}: 'java.lang.Object java.lang.invoke.Invokers$Holder.invokeExact_MT(java.lang.Object, java.lang.Object, java.lang.Object, java.lang.Object, java.lang.Object, java.lang.Object)'> (0x0000000710535c20) 
thrown [t:\workspace\open\src\hotspot\share\interpreter\linkResolver.cpp, line 790]
Event: 2.235 Thread 0x000002413d602460 Exception <a 'java/lang/NoSuchMethodError'{0x000000071054b2a8}: 'java.lang.Object java.lang.invoke.DirectMethodHandle$Holder.invokeInterface(java.lang.Object, java.lang.Object, java.lang.Object)'> (0x000000071054b2a8) 
thrown [t:\workspace\open\src\hotspot\share\interpreter\linkResolver.cpp, line 790]
Event: 2.235 Thread 0x000002413d602460 Exception <a 'java/lang/IncompatibleClassChangeError'{0x000000071054eb40}: Found class java.lang.Object, but interface was expected> (0x000000071054eb40) 
thrown [t:\workspace\open\src\hotspot\share\interpreter\linkResolver.cpp, line 857]
Event: 2.251 Thread 0x000002413d602460 Exception <a 'java/lang/NoSuchMethodError'{0x00000007105ef1d8}: 'int java.lang.invoke.DirectMethodHandle$Holder.invokeSpecial(java.lang.Object, java.lang.Object, java.lang.Object)'> (0x00000007105ef1d8) 
thrown [t:\workspace\open\src\hotspot\share\interpreter\linkResolver.cpp, line 790]
Event: 2.256 Thread 0x000002413d602460 Exception <a 'java/lang/NoSuchMethodError'{0x0000000710233110}: 'int java.lang.invoke.DirectMethodHandle$Holder.invokeSpecial(java.lang.Object, java.lang.Object, java.lang.Object, java.lang.Object)'> (0x0000000710233110) 
thrown [t:\workspace\open\src\hotspot\share\interpreter\linkResolver.cpp, line 790]
Event: 2.286 Thread 0x000002413d602460 Exception <a 'java/lang/NoSuchMethodError'{0x00000007103ae140}: 'java.lang.Object java.lang.invoke.DirectMethodHandle$Holder.newInvokeSpecial(java.lang.Object, java.lang.Object, java.lang.Object, java.lang.Object, java.lang.Object, java.lang.Object)'> (0x00000007103ae140) 
thrown [t:\workspace\open\src\hotspot\share\interpreter\linkResolver.cpp, line 790]
Event: 2.304 Thread 0x000002413d602460 Exception <a 'java/lang/NoSuchMethodError'{0x0000000711660378}: 'java.lang.Object java.lang.invoke.DirectMethodHandle$Holder.invokeSpecial(java.lang.Object, java.lang.Object, java.lang.Object, java.lang.Object, java.lang.Object, java.lang.Object, int)'> (0x0000000711660378) 
thrown [t:\workspace\open\src\hotspot\share\interpreter\linkResolver.cpp, line 790]
Event: 2.304 Thread 0x000002413d602460 Exception <a 'java/lang/NoSuchMethodError'{0x000000071166b4d0}: 'java.lang.Object java.lang.invoke.DirectMethodHandle$Holder.newInvokeSpecial(java.lang.Object, java.lang.Object, java.lang.Object, java.lang.Object, java.lang.Object, java.lang.Object, int)'> (0x000000071166b4d0) 
thrown [t:\workspace\open\src\hotspot\share\interpreter\linkResolver.cpp, line 790]
Event: 2.305 Thread 0x000002413d602460 Exception <a 'java/lang/NoSuchMethodError'{0x0000000711670628}: 'java.lang.Object java.lang.invoke.DirectMethodHandle$Holder.invokeSpecial(java.lang.Object, java.lang.Object, java.lang.Object, java.lang.Object, java.lang.Object, java.lang.Object, java.lang.Object, int)'> (0x0000000711670628) 
thrown [t:\workspace\open\src\hotspot\share\interpreter\linkResolver.cpp, line 790]
Event: 2.327 Thread 0x000002413d602460 Exception <a 'java/lang/NoSuchMethodError'{0x00000007117ce728}: 'int java.lang.invoke.DirectMethodHandle$Holder.invokeInterface(java.lang.Object, java.lang.Object)'> (0x00000007117ce728) 
thrown [t:\workspace\open\src\hotspot\share\interpreter\linkResolver.cpp, line 790]
Event: 2.353 Thread 0x000002413d602460 Exception <a 'java/lang/NoSuchMethodError'{0x00000007114d27d8}: 'java.lang.Object java.lang.invoke.DirectMethodHandle$Holder.invokeSpecial(java.lang.Object, java.lang.Object, java.lang.Object, int, java.lang.Object)'> (0x00000007114d27d8) 
thrown [t:\workspace\open\src\hotspot\share\interpreter\linkResolver.cpp, line 790]
Event: 2.354 Thread 0x000002413d602460 Exception <a 'java/lang/NoSuchMethodError'{0x00000007114db510}: 'java.lang.Object java.lang.invoke.DirectMethodHandle$Holder.newInvokeSpecial(java.lang.Object, java.lang.Object, java.lang.Object, int, java.lang.Object)'> (0x00000007114db510) 
thrown [t:\workspace\open\src\hotspot\share\interpreter\linkResolver.cpp, line 790]
Event: 2.354 Thread 0x000002413d602460 Exception <a 'java/lang/NoSuchMethodError'{0x00000007114e31f8}: 'java.lang.Object java.lang.invoke.Invokers$Holder.linkToTargetMethod(java.lang.Object, java.lang.Object, int, java.lang.Object, java.lang.Object)'> (0x00000007114e31f8) 
thrown [t:\workspace\open\src\hotspot\share\interpreter\linkResolver.cpp, line 790]
Event: 2.355 Thread 0x000002413d602460 Exception <a 'java/lang/NoSuchMethodError'{0x00000007114f2f08}: 'java.lang.Object java.lang.invoke.DirectMethodHandle$Holder.newInvokeSpecial(java.lang.Object, int, java.lang.Object)'> (0x00000007114f2f08) 
thrown [t:\workspace\open\src\hotspot\share\interpreter\linkResolver.cpp, line 790]
Event: 2.356 Thread 0x000002413d602460 Exception <a 'java/lang/NoSuchMethodError'{0x00000007114f7d90}: 'int java.lang.invoke.DirectMethodHandle$Holder.invokeSpecialIFC(java.lang.Object, java.lang.Object, java.lang.Object, java.lang.Object)'> (0x00000007114f7d90) 
thrown [t:\workspace\open\src\hotspot\share\interpreter\linkResolver.cpp, line 790]
Event: 2.370 Thread 0x000002413d602460 Exception <a 'java/lang/NoSuchMethodError'{0x00000007115a7e68}: 'java.lang.Object java.lang.invoke.DirectMethodHandle$Holder.invokeInterface(java.lang.Object, java.lang.Object)'> (0x00000007115a7e68) 
thrown [t:\workspace\open\src\hotspot\share\interpreter\linkResolver.cpp, line 790]
Event: 2.372 Thread 0x000002413d602460 Exception <a 'java/lang/NoSuchMethodError'{0x00000007115b8a38}: 'void java.lang.invoke.DirectMethodHandle$Holder.invokeInterface(java.lang.Object, java.lang.Object, java.lang.Object)'> (0x00000007115b8a38) 
thrown [t:\workspace\open\src\hotspot\share\interpreter\linkResolver.cpp, line 790]
Event: 2.387 Thread 0x000002413d602460 Exception <a 'java/lang/NoSuchMethodError'{0x000000071123d970}: 'void java.lang.invoke.DirectMethodHandle$Holder.invokeStaticInit(java.lang.Object, java.lang.Object)'> (0x000000071123d970) 
thrown [t:\workspace\open\src\hotspot\share\interpreter\linkResolver.cpp, line 790]
Event: 2.389 Thread 0x000002413d602460 Exception <a 'java/lang/NoSuchMethodError'{0x000000071124a970}: 'void java.lang.invoke.DirectMethodHandle$Holder.invokeStaticInit(java.lang.Object, java.lang.Object, java.lang.Object)'> (0x000000071124a970) 
thrown [t:\workspace\open\src\hotspot\share\interpreter\linkResolver.cpp, line 790]

Events (20 events):
Event: 2.398 loading class javax/management/NotificationEmitter done
Event: 2.398 loading class sun/management/NotificationEmitterSupport done
Event: 2.398 loading class com/sun/management/internal/DiagnosticCommandImpl done
Event: 2.398 loading class sun/management/ManagementFactoryHelper
Event: 2.398 loading class sun/management/ManagementFactoryHelper done
Event: 2.398 loading class sun/management/VMManagementImpl
Event: 2.398 loading class sun/management/VMManagement
Event: 2.398 loading class sun/management/VMManagement done
Event: 2.398 loading class sun/management/VMManagementImpl done
Event: 2.398 loading class com/sun/management/internal/PlatformMBeanProviderImpl$5
Event: 2.398 loading class com/sun/management/internal/PlatformMBeanProviderImpl$5 done
Event: 2.398 loading class java/lang/management/DefaultPlatformMBeanProvider
Event: 2.398 loading class java/lang/management/DefaultPlatformMBeanProvider done
Event: 2.398 loading class java/lang/management/DefaultPlatformMBeanProvider$1
Event: 2.398 loading class java/lang/management/DefaultPlatformMBeanProvider$1 done
Event: 2.398 loading class java/lang/management/DefaultPlatformMBeanProvider$2
Event: 2.398 loading class java/lang/management/DefaultPlatformMBeanProvider$2 done
Event: 2.398 loading class java/lang/management/DefaultPlatformMBeanProvider$3
Event: 2.399 loading class java/lang/management/DefaultPlatformMBeanProvider$3 done
Event: 2.399 loading class java/lang/management/DefaultPlatformMBeanProvider$4


Dynamic libraries:
0x00007ff74ef30000 - 0x00007ff74ef40000 	C:\Program Files\Java\jdk-16.0.2\bin\java.exe
0x00007ffe49910000 - 0x00007ffe49b05000 	C:\WINDOWS\SYSTEM32\ntdll.dll
0x00007ffe483d0000 - 0x00007ffe4848d000 	C:\WINDOWS\System32\KERNEL32.DLL
0x00007ffe47160000 - 0x00007ffe47429000 	C:\WINDOWS\System32\KERNELBASE.dll
0x00007ffe47590000 - 0x00007ffe47690000 	C:\WINDOWS\System32\ucrtbase.dll
0x00007ffe3c760000 - 0x00007ffe3c779000 	C:\Program Files\Java\jdk-16.0.2\bin\VCRUNTIME140.dll
0x00007ffe3de50000 - 0x00007ffe3de68000 	C:\Program Files\Java\jdk-16.0.2\bin\jli.dll
0x00007ffe48230000 - 0x00007ffe482dc000 	C:\WINDOWS\System32\ADVAPI32.dll
0x00007ffe485b0000 - 0x00007ffe4864e000 	C:\WINDOWS\System32\msvcrt.dll
0x00007ffe48ac0000 - 0x00007ffe48b5b000 	C:\WINDOWS\System32\sechost.dll
0x00007ffe47d10000 - 0x00007ffe47e3a000 	C:\WINDOWS\System32\RPCRT4.dll
0x00007ffe49650000 - 0x00007ffe497f0000 	C:\WINDOWS\System32\USER32.dll
0x00007ffe478b0000 - 0x00007ffe478d2000 	C:\WINDOWS\System32\win32u.dll
0x00007ffe36bc0000 - 0x00007ffe36e5a000 	C:\WINDOWS\WinSxS\amd64_microsoft.windows.common-controls_6595b64144ccf1df_6.0.19041.1110_none_60b5254171f9507e\COMCTL32.dll
0x00007ffe47ea0000 - 0x00007ffe47eca000 	C:\WINDOWS\System32\GDI32.dll
0x00007ffe47480000 - 0x00007ffe4758b000 	C:\WINDOWS\System32\gdi32full.dll
0x00007ffe478e0000 - 0x00007ffe4797d000 	C:\WINDOWS\System32\msvcp_win.dll
0x00007ffe3d830000 - 0x00007ffe3d83a000 	C:\WINDOWS\SYSTEM32\VERSION.dll
0x00007ffe48390000 - 0x00007ffe483c0000 	C:\WINDOWS\System32\IMM32.DLL
0x00007ffe3e1b0000 - 0x00007ffe3e1bc000 	C:\Program Files\Java\jdk-16.0.2\bin\vcruntime140_1.dll
0x00007ffe14370000 - 0x00007ffe14401000 	C:\Program Files\Java\jdk-16.0.2\bin\msvcp140.dll
0x00007ffdf9ab0000 - 0x00007ffdfa65b000 	C:\Program Files\Java\jdk-16.0.2\bin\server\jvm.dll
0x00007ffe48510000 - 0x00007ffe48518000 	C:\WINDOWS\System32\PSAPI.DLL
0x00007ffe36920000 - 0x00007ffe36947000 	C:\WINDOWS\SYSTEM32\WINMM.dll
0x00007ffe36670000 - 0x00007ffe36679000 	C:\WINDOWS\SYSTEM32\WSOCK32.dll
0x00007ffe48b60000 - 0x00007ffe48bcb000 	C:\WINDOWS\System32\WS2_32.dll
0x00007ffe45990000 - 0x00007ffe459a2000 	C:\WINDOWS\SYSTEM32\kernel.appcore.dll
0x00007ffe3e180000 - 0x00007ffe3e18a000 	C:\Program Files\Java\jdk-16.0.2\bin\jimage.dll
0x00007ffe45620000 - 0x00007ffe45804000 	C:\WINDOWS\SYSTEM32\DBGHELP.DLL
0x00007ffe3ada0000 - 0x00007ffe3adcc000 	C:\WINDOWS\SYSTEM32\dbgcore.DLL
0x00007ffe477f0000 - 0x00007ffe47873000 	C:\WINDOWS\System32\bcryptPrimitives.dll
0x00007ffe3e220000 - 0x00007ffe3e22e000 	C:\Program Files\Java\jdk-16.0.2\bin\instrument.dll
0x00007ffe36270000 - 0x00007ffe36295000 	C:\Program Files\Java\jdk-16.0.2\bin\java.dll
0x00007ffe48ca0000 - 0x00007ffe493df000 	C:\WINDOWS\System32\SHELL32.dll
0x00007ffe44db0000 - 0x00007ffe45541000 	C:\WINDOWS\SYSTEM32\windows.storage.dll
0x00007ffe47ed0000 - 0x00007ffe48225000 	C:\WINDOWS\System32\combase.dll
0x00007ffe46ac0000 - 0x00007ffe46aec000 	C:\WINDOWS\SYSTEM32\Wldp.dll
0x00007ffe47980000 - 0x00007ffe47a2e000 	C:\WINDOWS\System32\SHCORE.dll
0x00007ffe493e0000 - 0x00007ffe49435000 	C:\WINDOWS\System32\shlwapi.dll
0x00007ffe46f90000 - 0x00007ffe46faf000 	C:\WINDOWS\SYSTEM32\profapi.dll
0x00007ffe36410000 - 0x00007ffe36428000 	C:\Program Files\Java\jdk-16.0.2\bin\zip.dll
0x00007ffe39c20000 - 0x00007ffe39c39000 	C:\Program Files\Java\jdk-16.0.2\bin\net.dll
0x00007ffe3c540000 - 0x00007ffe3c64a000 	C:\WINDOWS\SYSTEM32\WINHTTP.dll
0x00007ffe46820000 - 0x00007ffe4688a000 	C:\WINDOWS\system32\mswsock.dll
0x00007ffe38860000 - 0x00007ffe38873000 	C:\Program Files\Java\jdk-16.0.2\bin\nio.dll
0x00007ffe362c0000 - 0x00007ffe362da000 	D:\IntelliJ IDEA\IntelliJ IDEA Community Edition 2020.2.3\bin\breakgen64.dll
0x00007ffe3de00000 - 0x00007ffe3de10000 	C:\Program Files\Java\jdk-16.0.2\bin\verify.dll
0x00007ffe3e0e0000 - 0x00007ffe3e0e9000 	C:\Program Files\Java\jdk-16.0.2\bin\management.dll
0x00007ffe3df50000 - 0x00007ffe3df5b000 	C:\Program Files\Java\jdk-16.0.2\bin\management_ext.dll

dbghelp: loaded successfully - version: 4.0.5 - missing functions: none
symbol engine: initialized successfully - sym options: 0x614 - pdb path: .;C:\Program Files\Java\jdk-16.0.2\bin;C:\WINDOWS\SYSTEM32;C:\WINDOWS\WinSxS\amd64_microsoft.windows.common-controls_6595b64144ccf1df_6.0.19041.1110_none_60b5254171f9507e;C:\Program Files\Java\jdk-16.0.2\bin\server;D:\IntelliJ IDEA\IntelliJ IDEA Community Edition 2020.2.3\bin

VM Arguments:
jvm_args: -javaagent:D:\IntelliJ IDEA\IntelliJ IDEA Community Edition 2020.2.3\lib\idea_rt.jar=54522:D:\IntelliJ IDEA\IntelliJ IDEA Community Edition 2020.2.3\bin -Dfile.encoding=UTF-8 
java_command: com.misiontic.account_ms.AccountMsApplication
java_class_path (initial): D:\My files\Trainings\MINTIC\APLICACIONES_WEB\account_ms\target\classes;C:\Users\lcastilla.ITA0\.m2\repository\org\springframework\boot\spring-boot-starter-data-mongodb\2.5.3\spring-boot-starter-data-mongodb-2.5.3.jar;C:\Users\lcastilla.ITA0\.m2\repository\org\springframework\boot\spring-boot-starter\2.5.3\spring-boot-starter-2.5.3.jar;C:\Users\lcastilla.ITA0\.m2\repository\org\springframework\boot\spring-boot\2.5.3\spring-boot-2.5.3.jar;C:\Users\lcastilla.ITA0\.m2\repository\org\springframework\boot\spring-boot-autoconfigure\2.5.3\spring-boot-autoconfigure-2.5.3.jar;C:\Users\lcastilla.ITA0\.m2\repository\org\springframework\boot\spring-boot-starter-logging\2.5.3\spring-boot-starter-logging-2.5.3.jar;C:\Users\lcastilla.ITA0\.m2\repository\ch\qos\logback\logback-classic\1.2.4\logback-classic-1.2.4.jar;C:\Users\lcastilla.ITA0\.m2\repository\ch\qos\logback\logback-core\1.2.4\logback-core-1.2.4.jar;C:\Users\lcastilla.ITA0\.m2\repository\org\apache\logging\log4j\log4j-to-slf4j\2.14.1\log4j-to-slf4j-2.14.1.jar;C:\Users\lcastilla.ITA0\.m2\repository\org\apache\logging\log4j\log4j-api\2.14.1\log4j-api-2.14.1.jar;C:\Users\lcastilla.ITA0\.m2\repository\org\slf4j\jul-to-slf4j\1.7.32\jul-to-slf4j-1.7.32.jar;C:\Users\lcastilla.ITA0\.m2\repository\jakarta\annotation\jakarta.annotation-api\1.3.5\jakarta.annotation-api-1.3.5.jar;C:\Users\lcastilla.ITA0\.m2\repository\org\yaml\snakeyaml\1.28\snakeyaml-1.28.jar;C:\Users\lcastilla.ITA0\.m2\repository\org\mongodb\mongodb-driver-sync\4.2.3\mongodb-driver-sync-4.2.3.jar;C:\Users\lcastilla.ITA0\.m2\repository\org\mongodb\bson\4.2.3\bson-4.2.3.jar;C:\Users\lcastilla.ITA0\.m2\repository\org\mongodb\mongodb-driver-core\4.2.3\mongodb-driver-core-4.2.3.jar;C:\Users\lcastilla.ITA0\.m2\repository\org\springframework\data\spring-data-mongodb\3.2.3\spring-data-mongodb-3.2.3.jar;C:\Users\lcastilla.ITA0\.m2\repository\org\springframework\spring-tx\5.3.9\spring-tx-5.3.9.jar;C:\Users\lcastilla.ITA0\.m2\repository\org\sprin
Launcher Type: SUN_STANDARD

[Global flags]
     intx CICompilerCount                          = 4                                         {product} {ergonomic}
     uint ConcGCThreads                            = 2                                         {product} {ergonomic}
     uint G1ConcRefinementThreads                  = 8                                         {product} {ergonomic}
   size_t G1HeapRegionSize                         = 2097152                                   {product} {ergonomic}
    uintx GCDrainStackTargetSize                   = 64                                        {product} {ergonomic}
   size_t InitialHeapSize                          = 268435456                                 {product} {ergonomic}
   size_t MarkStackSize                            = 4194304                                   {product} {ergonomic}
   size_t MaxHeapSize                              = 4269801472                                {product} {ergonomic}
   size_t MaxNewSize                               = 2560622592                                {product} {ergonomic}
   size_t MinHeapDeltaBytes                        = 2097152                                   {product} {ergonomic}
   size_t MinHeapSize                              = 8388608                                   {product} {ergonomic}
    uintx NonNMethodCodeHeapSize                   = 5839372                                {pd product} {ergonomic}
    uintx NonProfiledCodeHeapSize                  = 122909434                              {pd product} {ergonomic}
    uintx ProfiledCodeHeapSize                     = 122909434                              {pd product} {ergonomic}
    uintx ReservedCodeCacheSize                    = 251658240                              {pd product} {ergonomic}
     bool SegmentedCodeCache                       = true                                      {product} {ergonomic}
   size_t SoftMaxHeapSize                          = 4269801472                             {manageable} {ergonomic}
     bool UseCompressedClassPointers               = true                           {product lp64_product} {ergonomic}
     bool UseCompressedOops                        = true                           {product lp64_product} {ergonomic}
     bool UseG1GC                                  = true                                      {product} {ergonomic}
     bool UseLargePagesIndividualAllocation        = false                                  {pd product} {ergonomic}

Logging:
Log output configuration:
 #0: stdout all=warning uptime,level,tags
 #1: stderr all=off uptime,level,tags

Environment Variables:
JAVA_HOME=C:\Program Files\Java\jdk-16.0.2
PATH=C:\Program Files\Common Files\Oracle\Java\javapath;C:\Python39\Scripts\;C:\Python39\;C:\Program Files (x86)\Common Files\Oracle\Java\javapath;C:\Program Files (x86)\Pervasive Software\PSQL\bin\;C:\Windows\system32;C:\Windows;C:\Windows\System32\Wbem;C:\Windows\System32\WindowsPowerShell\v1.0\;C:\Program Files (x86)\NVIDIA Corporation\PhysX\Common;C:\WINDOWS\system32;C:\WINDOWS;C:\WINDOWS\System32\Wbem;C:\WINDOWS\System32\WindowsPowerShell\v1.0\;C:\WINDOWS\System32\OpenSSH\;C:\Program Files\PuTTY\;C:\Program Files\dotnet\;C:\Program Files\Microsoft SQL Server\130\Tools\Binn\;C:\Program Files (x86)\Intel\Intel(R) Management Engine Components\DAL;C:\Program Files\Intel\Intel(R) Management Engine Components\DAL;C:\Program Files\NVIDIA Corporation\NVIDIA NvDLISR;C:\WINDOWS\system32;C:\WINDOWS;C:\WINDOWS\System32\Wbem;C:\WINDOWS\System32\WindowsPowerShell\v1.0\;C:\WINDOWS\System32\OpenSSH\;C:\Program Files (x86)\GnuWin32\bin;C:\Program Files\OpenSSL-Win64\bin;C:\Program Files (x86)\dotnet\;C:\Program Files\nodejs\;C:\ProgramData\chocolatey\bin;C:\Program Files\Git\cmd;C:\Program Files\apache-maven-3.8.1\bin;C:\Users\lcastilla.ITA0\AppData\Local\Programs\Python\Python38-32\Scripts\;C:\Users\lcastilla.ITA0\AppData\Local\Programs\Python\Python38-32\;C:\Users\lcastilla.ITA0\AppData\Local\Microsoft\WindowsApps;C:\Users\lcastilla.ITA0\AppData\Local\Programs\Microsoft VS Code\bin;D:\Flutter\flutter\bin;D:\AndroidSDK;D:\SDKs\flutter\bin;C:\Users\lcastilla.ITA0\AppData\Roaming\npm;C:\Program Files\heroku\bin;D:\PyCharm\PyCharm Community Edition 2020.3.5\bin;
USERNAME=lcastilla
OS=Windows_NT
PROCESSOR_IDENTIFIER=Intel64 Family 6 Model 142 Stepping 10, GenuineIntel



---------------  S Y S T E M  ---------------

OS:
 Windows 10 , 64 bit Build 19041 (10.0.19041.1023)
OS uptime: 14 days 4:31 hours

CPU: total 8 (initial active 8) (4 cores per cpu, 2 threads per core) family 6 model 142 stepping 10 microcode 0xe0, cx8, cmov, fxsr, ht, mmx, 3dnowpref, sse, sse2, sse3, ssse3, sse4.1, sse4.2, popcnt, lzcnt, tsc, tscinvbit, avx, avx2, aes, erms, clmul, bmi1, bmi2, adx, fma, vzeroupper, clflush, clflushopt

Memory: 4k page, system-wide physical 16281M (1722M free)
TotalPageFile size 37627M (AvailPageFile size 1M)
current process WorkingSet (physical memory assigned to process): 84M, peak: 84M
current process commit charge ("private bytes"): 363M, peak: 363M

vm_info: Java HotSpot(TM) 64-Bit Server VM (16.0.2+7-67) for windows-amd64 JRE (16.0.2+7-67), built on Jun  8 2021 23:24:19 by "mach5one" with MS VC++ 16.7 (VS2019)

END.
